\BOOKMARK [1][-]{section.1}{\376\377\000L\000i\000c\000z\000b\000y\000\040\000z\000e\000s\000p\000o\000l\000o\000n\000e}{}% 1
\BOOKMARK [2][-]{subsection.1.1}{\376\377\000R\000\363\000w\000n\000a\000n\000i\000e\000\040\000l\000i\000n\000i\000o\000w\000e}{section.1}% 2
\BOOKMARK [2][-]{subsection.1.2}{\376\377\000R\000\363\000w\000n\000a\000n\000i\000e\000\040\000z\000e\000\040\000s\000p\000r\000z\001\031\001\174\000e\000n\000i\000e\000m}{section.1}% 3
\BOOKMARK [2][-]{subsection.1.3}{\376\377\000O\000b\000s\000z\000a\000r\000\040\000n\000a\000\040\000p\001\102\000a\000s\000z\000c\000z\000y\001\172\000n\000i\000e\000\040\000z\000e\000s\000p\000o\000l\000o\000n\000e\000j}{section.1}% 4
\BOOKMARK [2][-]{subsection.1.4}{\376\377\000R\000\363\000w\000n\000a\000n\000i\000e\000\040\000k\000w\000a\000d\000r\000a\000t\000o\000w\000e}{section.1}% 5
\BOOKMARK [2][-]{subsection.1.5}{\376\377\000P\000i\000e\000r\000w\000i\000a\000s\000t\000e\000k\000\040\000z\000e\000s\000p\000o\000l\000o\000n\000y}{section.1}% 6
\BOOKMARK [1][-]{section.2}{\376\377\000M\000a\000c\000i\000e\000r\000z\000e}{}% 7
\BOOKMARK [2][-]{subsection.2.1}{\376\377\000W\000y\000z\000n\000a\000c\000z\000n\000i\000k\000\040\000z\000\040\000p\000a\000r\000a\000m\000e\000t\000r\000e\000m}{section.2}% 8
\BOOKMARK [2][-]{subsection.2.2}{\376\377\000M\000a\000c\000i\000e\000r\000z\000\040\000o\000d\000w\000r\000o\000t\000n\000a\000\040\000z\000\040\000p\000a\000r\000a\000m\000e\000t\000r\000e\000m}{section.2}% 9
\BOOKMARK [2][-]{subsection.2.3}{\376\377\000R\000\363\000w\000n\000a\000n\000i\000e\000\040\000m\000a\000c\000i\000e\000r\000z\000o\000w\000e}{section.2}% 10
\BOOKMARK [2][-]{subsection.2.4}{\376\377\000R\000z\001\005\000d\000\040\000m\000a\000c\000i\000e\000r\000z\000y}{section.2}% 11
\BOOKMARK [2][-]{subsection.2.5}{\376\377\000W\000a\000r\000t\000o\001\133\000c\000i\000\040\000w\001\102\000a\000s\000n\000e\000\040\000i\000\040\000w\000e\000k\000t\000o\000r\000y\000\040\000w\001\102\000a\000s\000n\000e}{section.2}% 12
\BOOKMARK [2][-]{subsection.2.6}{\376\377\000D\000i\000a\000g\000o\000n\000a\000l\000i\000z\000a\000c\000j\000a\000\040\000m\000a\000c\000i\000e\000r\000z\000y}{section.2}% 13
\BOOKMARK [1][-]{section.3}{\376\377\000U\000k\001\102\000a\000d\000y\000\040\000r\000\363\000w\000n\000a\001\104}{}% 14
\BOOKMARK [2][-]{subsection.3.1}{\376\377\000U\000k\001\102\000a\000d\000y\000\040\000C\000r\000a\000m\000e\000r\000a}{section.3}% 15
\BOOKMARK [2][-]{subsection.3.2}{\376\377\000M\000e\000t\000o\000d\000a\000\040\000G\000a\000u\000s\000s\000a}{section.3}% 16
\BOOKMARK [1][-]{section.4}{\376\377\000G\000e\000o\000m\000e\000t\000r\000i\000a\000\040\000a\000n\000a\000l\000i\000t\000y\000c\000z\000n\000a}{}% 17
\BOOKMARK [2][-]{subsection.4.1}{\376\377\000K\001\005\000t\000y\000\040\000w\000\040\000t\000r\000\363\000j\000k\001\005\000c\000i\000e}{section.4}% 18
\BOOKMARK [2][-]{subsection.4.2}{\376\377\000P\000o\000l\000e\000\040\000t\000r\000\363\000j\000k\001\005\000t\000a\000\040\000i\000\040\000w\000y\000s\000o\000k\000o\001\133\000c\000i}{section.4}% 19
\BOOKMARK [2][-]{subsection.4.3}{\376\377\000R\000\363\000w\000n\000a\000n\000i\000e\000\040\000p\000r\000o\000s\000t\000e\000j}{section.4}% 20
\BOOKMARK [2][-]{subsection.4.4}{\376\377\000R\000\363\000w\000n\000a\000n\000i\000e\000\040\000p\001\102\000a\000s\000z\000c\000z\000y\000z\000n\000y}{section.4}% 21
\BOOKMARK [2][-]{subsection.4.5}{\376\377\000P\000u\000n\000k\000t\000\040\000s\000y\000m\000e\000t\000r\000y\000c\000z\000n\000y\000\040\000w\000z\000g\000l\001\031\000d\000e\000m\000\040\000p\001\102\000a\000s\000z\000c\000z\000y\000z\000n\000y}{section.4}% 22
\BOOKMARK [2][-]{subsection.4.6}{\376\377\000P\000u\000n\000k\000t\000\040\000s\000y\000m\000e\000t\000r\000y\000c\000z\000n\000y\000\040\000w\000z\000g\000l\001\031\000d\000e\000m\000\040\000p\000r\000o\000s\000t\000e\000j}{section.4}% 23
\BOOKMARK [2][-]{subsection.4.7}{\376\377\000O\000d\000l\000e\000g\001\102\000o\001\133\001\007\000\040\000p\000r\000o\000s\000t\000y\000c\000h\000\040\000s\000k\000o\001\133\000n\000y\000c\000h}{section.4}% 24
