This is pdfTeX, Version 3.141592653-2.6-1.40.25 (MiKTeX 23.5) (preloaded format=pdflatex 2023.8.4)  12 SEP 2024 13:38
entering extended mode
 restricted \write18 enabled.
 %&-line parsing enabled.
**./Algebra.tex
(Algebra.tex
LaTeX2e <2023-06-01> patch level 1
L3 programming layer <2023-06-30>
(C:\Users\Adam\AppData\Local\Programs\MiKTeX\tex/latex/base\article.cls
Document Class: article 2023/05/17 v1.4n Standard LaTeX document class
(C:\Users\Adam\AppData\Local\Programs\MiKTeX\tex/latex/base\size10.clo
File: size10.clo 2023/05/17 v1.4n Standard LaTeX file (size option)
)
\c@part=\count185
\c@section=\count186
\c@subsection=\count187
\c@subsubsection=\count188
\c@paragraph=\count189
\c@subparagraph=\count190
\c@figure=\count191
\c@table=\count192
\abovecaptionskip=\skip48
\belowcaptionskip=\skip49
\bibindent=\dimen140
)
(C:\Users\Adam\AppData\Local\Programs\MiKTeX\tex/latex/geometry\geometry.sty
Package: geometry 2020/01/02 v5.9 Page Geometry

(C:\Users\Adam\AppData\Local\Programs\MiKTeX\tex/latex/graphics\keyval.sty
Package: keyval 2022/05/29 v1.15 key=value parser (DPC)
\KV@toks@=\toks17
)
(C:\Users\Adam\AppData\Local\Programs\MiKTeX\tex/generic/iftex\ifvtex.sty
Package: ifvtex 2019/10/25 v1.7 ifvtex legacy package. Use iftex instead.

(C:\Users\Adam\AppData\Local\Programs\MiKTeX\tex/generic/iftex\iftex.sty
Package: iftex 2022/02/03 v1.0f TeX engine tests
))
\Gm@cnth=\count193
\Gm@cntv=\count194
\c@Gm@tempcnt=\count195
\Gm@bindingoffset=\dimen141
\Gm@wd@mp=\dimen142
\Gm@odd@mp=\dimen143
\Gm@even@mp=\dimen144
\Gm@layoutwidth=\dimen145
\Gm@layoutheight=\dimen146
\Gm@layouthoffset=\dimen147
\Gm@layoutvoffset=\dimen148
\Gm@dimlist=\toks18

(C:\Users\Adam\AppData\Local\Programs\MiKTeX\tex/latex/geometry\geometry.cfg))
(C:\Users\Adam\AppData\Local\Programs\MiKTeX\tex/latex/amsfonts\amsfonts.sty
Package: amsfonts 2013/01/14 v3.01 Basic AMSFonts support
\@emptytoks=\toks19
\symAMSa=\mathgroup4
\symAMSb=\mathgroup5
LaTeX Font Info:    Redeclaring math symbol \hbar on input line 98.
LaTeX Font Info:    Overwriting math alphabet `\mathfrak' in version `bold'
(Font)                  U/euf/m/n --> U/euf/b/n on input line 106.
)
(C:\Users\Adam\AppData\Local\Programs\MiKTeX\tex/latex/amsmath\amsmath.sty
Package: amsmath 2023/05/13 v2.17o AMS math features
\@mathmargin=\skip50

For additional information on amsmath, use the `?' option.
(C:\Users\Adam\AppData\Local\Programs\MiKTeX\tex/latex/amsmath\amstext.sty
Package: amstext 2021/08/26 v2.01 AMS text

(C:\Users\Adam\AppData\Local\Programs\MiKTeX\tex/latex/amsmath\amsgen.sty
File: amsgen.sty 1999/11/30 v2.0 generic functions
\@emptytoks=\toks20
\ex@=\dimen149
))
(C:\Users\Adam\AppData\Local\Programs\MiKTeX\tex/latex/amsmath\amsbsy.sty
Package: amsbsy 1999/11/29 v1.2d Bold Symbols
\pmbraise@=\dimen150
)
(C:\Users\Adam\AppData\Local\Programs\MiKTeX\tex/latex/amsmath\amsopn.sty
Package: amsopn 2022/04/08 v2.04 operator names
)
\inf@bad=\count196
LaTeX Info: Redefining \frac on input line 234.
\uproot@=\count197
\leftroot@=\count198
LaTeX Info: Redefining \overline on input line 399.
LaTeX Info: Redefining \colon on input line 410.
\classnum@=\count199
\DOTSCASE@=\count266
LaTeX Info: Redefining \ldots on input line 496.
LaTeX Info: Redefining \dots on input line 499.
LaTeX Info: Redefining \cdots on input line 620.
\Mathstrutbox@=\box51
\strutbox@=\box52
LaTeX Info: Redefining \big on input line 722.
LaTeX Info: Redefining \Big on input line 723.
LaTeX Info: Redefining \bigg on input line 724.
LaTeX Info: Redefining \Bigg on input line 725.
\big@size=\dimen151
LaTeX Font Info:    Redeclaring font encoding OML on input line 743.
LaTeX Font Info:    Redeclaring font encoding OMS on input line 744.
\macc@depth=\count267
LaTeX Info: Redefining \bmod on input line 905.
LaTeX Info: Redefining \pmod on input line 910.
LaTeX Info: Redefining \smash on input line 940.
LaTeX Info: Redefining \relbar on input line 970.
LaTeX Info: Redefining \Relbar on input line 971.
\c@MaxMatrixCols=\count268
\dotsspace@=\muskip16
\c@parentequation=\count269
\dspbrk@lvl=\count270
\tag@help=\toks21
\row@=\count271
\column@=\count272
\maxfields@=\count273
\andhelp@=\toks22
\eqnshift@=\dimen152
\alignsep@=\dimen153
\tagshift@=\dimen154
\tagwidth@=\dimen155
\totwidth@=\dimen156
\lineht@=\dimen157
\@envbody=\toks23
\multlinegap=\skip51
\multlinetaggap=\skip52
\mathdisplay@stack=\toks24
LaTeX Info: Redefining \[ on input line 2953.
LaTeX Info: Redefining \] on input line 2954.
)
(C:\Users\Adam\AppData\Local\Programs\MiKTeX\tex/latex/graphics\color.sty
Package: color 2022/01/06 v1.3d Standard LaTeX Color (DPC)

(C:\Users\Adam\AppData\Local\Programs\MiKTeX\tex/latex/graphics-cfg\color.cfg
File: color.cfg 2016/01/02 v1.6 sample color configuration
)
Package color Info: Driver file: pdftex.def on input line 149.

(C:\Users\Adam\AppData\Local\Programs\MiKTeX\tex/latex/graphics-def\pdftex.def
File: pdftex.def 2022/09/22 v1.2b Graphics/color driver for pdftex
) (C:\Users\Adam\AppData\Local\Programs\MiKTeX\tex/latex/graphics\mathcolor.ltx
)) (C:\Users\Adam\AppData\Local\Programs\MiKTeX\tex/latex/enumitem\enumitem.sty
Package: enumitem 2019/06/20 v3.9 Customized lists
\labelindent=\skip53
\enit@outerparindent=\dimen158
\enit@toks=\toks25
\enit@inbox=\box53
\enit@count@id=\count274
\enitdp@description=\count275
) (C:\Users\Adam\AppData\Local\Programs\MiKTeX\tex/latex/fancyhdr\fancyhdr.sty
Package: fancyhdr 2022/11/09 v4.1 Extensive control of page headers and footers

\f@nch@headwidth=\skip54
\f@nch@O@elh=\skip55
\f@nch@O@erh=\skip56
\f@nch@O@olh=\skip57
\f@nch@O@orh=\skip58
\f@nch@O@elf=\skip59
\f@nch@O@erf=\skip60
\f@nch@O@olf=\skip61
\f@nch@O@orf=\skip62
)
(C:\Users\Adam\AppData\Local\Programs\MiKTeX\tex/latex/float\float.sty
Package: float 2001/11/08 v1.3d Float enhancements (AL)
\c@float@type=\count276
\float@exts=\toks26
\float@box=\box54
\@float@everytoks=\toks27
\@floatcapt=\box55
)
(C:\Users\Adam\AppData\Local\Programs\MiKTeX\tex/latex/graphics\graphicx.sty
Package: graphicx 2021/09/16 v1.2d Enhanced LaTeX Graphics (DPC,SPQR)

(C:\Users\Adam\AppData\Local\Programs\MiKTeX\tex/latex/graphics\graphics.sty
Package: graphics 2022/03/10 v1.4e Standard LaTeX Graphics (DPC,SPQR)

(C:\Users\Adam\AppData\Local\Programs\MiKTeX\tex/latex/graphics\trig.sty
Package: trig 2021/08/11 v1.11 sin cos tan (DPC)
)
(C:\Users\Adam\AppData\Local\Programs\MiKTeX\tex/latex/graphics-cfg\graphics.cf
g
File: graphics.cfg 2016/06/04 v1.11 sample graphics configuration
)
Package graphics Info: Driver file: pdftex.def on input line 107.
)
\Gin@req@height=\dimen159
\Gin@req@width=\dimen160
)
(C:\Users\Adam\AppData\Local\Programs\MiKTeX\tex/latex/hyperref\hyperref.sty
Package: hyperref 2023-07-08 v7.01b Hypertext links for LaTeX

(C:\Users\Adam\AppData\Local\Programs\MiKTeX\tex/generic/ltxcmds\ltxcmds.sty
Package: ltxcmds 2020-05-10 v1.25 LaTeX kernel commands for general use (HO)
)
(C:\Users\Adam\AppData\Local\Programs\MiKTeX\tex/generic/pdftexcmds\pdftexcmds.
sty
Package: pdftexcmds 2020-06-27 v0.33 Utility functions of pdfTeX for LuaTeX (HO
)

(C:\Users\Adam\AppData\Local\Programs\MiKTeX\tex/generic/infwarerr\infwarerr.st
y
Package: infwarerr 2019/12/03 v1.5 Providing info/warning/error messages (HO)
)
Package pdftexcmds Info: \pdf@primitive is available.
Package pdftexcmds Info: \pdf@ifprimitive is available.
Package pdftexcmds Info: \pdfdraftmode found.
)
(C:\Users\Adam\AppData\Local\Programs\MiKTeX\tex/latex/kvsetkeys\kvsetkeys.sty
Package: kvsetkeys 2022-10-05 v1.19 Key value parser (HO)
)
(C:\Users\Adam\AppData\Local\Programs\MiKTeX\tex/generic/kvdefinekeys\kvdefinek
eys.sty
Package: kvdefinekeys 2019-12-19 v1.6 Define keys (HO)
)
(C:\Users\Adam\AppData\Local\Programs\MiKTeX\tex/generic/pdfescape\pdfescape.st
y
Package: pdfescape 2019/12/09 v1.15 Implements pdfTeX's escape features (HO)
) (C:\Users\Adam\AppData\Local\Programs\MiKTeX\tex/latex/hycolor\hycolor.sty
Package: hycolor 2020-01-27 v1.10 Color options for hyperref/bookmark (HO)
)
(C:\Users\Adam\AppData\Local\Programs\MiKTeX\tex/latex/letltxmacro\letltxmacro.
sty
Package: letltxmacro 2019/12/03 v1.6 Let assignment for LaTeX macros (HO)
) (C:\Users\Adam\AppData\Local\Programs\MiKTeX\tex/latex/auxhook\auxhook.sty
Package: auxhook 2019-12-17 v1.6 Hooks for auxiliary files (HO)
) (C:\Users\Adam\AppData\Local\Programs\MiKTeX\tex/latex/hyperref\nameref.sty
Package: nameref 2023-08-07 v2.53 Cross-referencing by name of section

(C:\Users\Adam\AppData\Local\Programs\MiKTeX\tex/latex/refcount\refcount.sty
Package: refcount 2019/12/15 v3.6 Data extraction from label references (HO)
)
(C:\Users\Adam\AppData\Local\Programs\MiKTeX\tex/generic/gettitlestring\gettitl
estring.sty
Package: gettitlestring 2019/12/15 v1.6 Cleanup title references (HO)

(C:\Users\Adam\AppData\Local\Programs\MiKTeX\tex/latex/kvoptions\kvoptions.sty
Package: kvoptions 2022-06-15 v3.15 Key value format for package options (HO)
))
\c@section@level=\count277
) (C:\Users\Adam\AppData\Local\Programs\MiKTeX\tex/latex/etoolbox\etoolbox.sty
Package: etoolbox 2020/10/05 v2.5k e-TeX tools for LaTeX (JAW)
\etb@tempcnta=\count278
)
\@linkdim=\dimen161
\Hy@linkcounter=\count279
\Hy@pagecounter=\count280
 (C:\Users\Adam\AppData\Local\Programs\MiKTeX\tex/latex/hyperref\pd1enc.def
File: pd1enc.def 2023-07-08 v7.01b Hyperref: PDFDocEncoding definition (HO)
Now handling font encoding PD1 ...
... no UTF-8 mapping file for font encoding PD1
)
(C:\Users\Adam\AppData\Local\Programs\MiKTeX\tex/generic/intcalc\intcalc.sty
Package: intcalc 2019/12/15 v1.3 Expandable calculations with integers (HO)
)
\Hy@SavedSpaceFactor=\count281

(C:\Users\Adam\AppData\Local\Programs\MiKTeX\tex/latex/hyperref\puenc.def
File: puenc.def 2023-07-08 v7.01b Hyperref: PDF Unicode definition (HO)
Now handling font encoding PU ...
... no UTF-8 mapping file for font encoding PU
)
Package hyperref Info: Option `colorlinks' set `true' on input line 4050.
Package hyperref Info: Hyper figures OFF on input line 4167.
Package hyperref Info: Link nesting OFF on input line 4172.
Package hyperref Info: Hyper index ON on input line 4175.
Package hyperref Info: Plain pages OFF on input line 4182.
Package hyperref Info: Backreferencing OFF on input line 4187.
Package hyperref Info: Implicit mode ON; LaTeX internals redefined.
Package hyperref Info: Bookmarks ON on input line 4434.
\c@Hy@tempcnt=\count282

(C:\Users\Adam\AppData\Local\Programs\MiKTeX\tex/latex/url\url.sty
\Urlmuskip=\muskip17
Package: url 2013/09/16  ver 3.4  Verb mode for urls, etc.
)
LaTeX Info: Redefining \url on input line 4772.
\XeTeXLinkMargin=\dimen162

(C:\Users\Adam\AppData\Local\Programs\MiKTeX\tex/generic/bitset\bitset.sty
Package: bitset 2019/12/09 v1.3 Handle bit-vector datatype (HO)

(C:\Users\Adam\AppData\Local\Programs\MiKTeX\tex/generic/bigintcalc\bigintcalc.
sty
Package: bigintcalc 2019/12/15 v1.5 Expandable calculations on big integers (HO
)
))
\Fld@menulength=\count283
\Field@Width=\dimen163
\Fld@charsize=\dimen164
Package hyperref Info: Hyper figures OFF on input line 6051.
Package hyperref Info: Link nesting OFF on input line 6056.
Package hyperref Info: Hyper index ON on input line 6059.
Package hyperref Info: backreferencing OFF on input line 6066.
Package hyperref Info: Link coloring ON on input line 6069.
Package hyperref Info: Link coloring with OCG OFF on input line 6076.
Package hyperref Info: PDF/A mode OFF on input line 6081.

(C:\Users\Adam\AppData\Local\Programs\MiKTeX\tex/latex/base\atbegshi-ltx.sty
Package: atbegshi-ltx 2021/01/10 v1.0c Emulation of the original atbegshi
package with kernel methods
)
\Hy@abspage=\count284
\c@Item=\count285
\c@Hfootnote=\count286
)
Package hyperref Info: Driver (autodetected): hpdftex.

(C:\Users\Adam\AppData\Local\Programs\MiKTeX\tex/latex/hyperref\hpdftex.def
File: hpdftex.def 2023-07-08 v7.01b Hyperref driver for pdfTeX

(C:\Users\Adam\AppData\Local\Programs\MiKTeX\tex/latex/base\atveryend-ltx.sty
Package: atveryend-ltx 2020/08/19 v1.0a Emulation of the original atveryend pac
kage
with kernel methods
)
\Fld@listcount=\count287
\c@bookmark@seq@number=\count288

(C:\Users\Adam\AppData\Local\Programs\MiKTeX\tex/latex/rerunfilecheck\rerunfile
check.sty
Package: rerunfilecheck 2022-07-10 v1.10 Rerun checks for auxiliary files (HO)

(C:\Users\Adam\AppData\Local\Programs\MiKTeX\tex/generic/uniquecounter\uniqueco
unter.sty
Package: uniquecounter 2019/12/15 v1.4 Provide unlimited unique counter (HO)
)
Package uniquecounter Info: New unique counter `rerunfilecheck' on input line 2
85.
)
\Hy@SectionHShift=\skip63
)
(C:\Users\Adam\AppData\Local\Programs\MiKTeX\tex/latex/base\ifthen.sty
Package: ifthen 2022/04/13 v1.1d Standard LaTeX ifthen package (DPC)
)
(C:\Users\Adam\AppData\Local\Programs\MiKTeX\tex/latex/base\inputenc.sty
Package: inputenc 2021/02/14 v1.3d Input encoding file
\inpenc@prehook=\toks28
\inpenc@posthook=\toks29
)
(C:\Users\Adam\AppData\Local\Programs\MiKTeX\tex/latex/lm\lmodern.sty
Package: lmodern 2015/05/01 v1.6.1 Latin Modern Fonts
LaTeX Font Info:    Overwriting symbol font `operators' in version `normal'
(Font)                  OT1/cmr/m/n --> OT1/lmr/m/n on input line 22.
LaTeX Font Info:    Overwriting symbol font `letters' in version `normal'
(Font)                  OML/cmm/m/it --> OML/lmm/m/it on input line 23.
LaTeX Font Info:    Overwriting symbol font `symbols' in version `normal'
(Font)                  OMS/cmsy/m/n --> OMS/lmsy/m/n on input line 24.
LaTeX Font Info:    Overwriting symbol font `largesymbols' in version `normal'
(Font)                  OMX/cmex/m/n --> OMX/lmex/m/n on input line 25.
LaTeX Font Info:    Overwriting symbol font `operators' in version `bold'
(Font)                  OT1/cmr/bx/n --> OT1/lmr/bx/n on input line 26.
LaTeX Font Info:    Overwriting symbol font `letters' in version `bold'
(Font)                  OML/cmm/b/it --> OML/lmm/b/it on input line 27.
LaTeX Font Info:    Overwriting symbol font `symbols' in version `bold'
(Font)                  OMS/cmsy/b/n --> OMS/lmsy/b/n on input line 28.
LaTeX Font Info:    Overwriting symbol font `largesymbols' in version `bold'
(Font)                  OMX/cmex/m/n --> OMX/lmex/m/n on input line 29.
LaTeX Font Info:    Overwriting math alphabet `\mathbf' in version `normal'
(Font)                  OT1/cmr/bx/n --> OT1/lmr/bx/n on input line 31.
LaTeX Font Info:    Overwriting math alphabet `\mathsf' in version `normal'
(Font)                  OT1/cmss/m/n --> OT1/lmss/m/n on input line 32.
LaTeX Font Info:    Overwriting math alphabet `\mathit' in version `normal'
(Font)                  OT1/cmr/m/it --> OT1/lmr/m/it on input line 33.
LaTeX Font Info:    Overwriting math alphabet `\mathtt' in version `normal'
(Font)                  OT1/cmtt/m/n --> OT1/lmtt/m/n on input line 34.
LaTeX Font Info:    Overwriting math alphabet `\mathbf' in version `bold'
(Font)                  OT1/cmr/bx/n --> OT1/lmr/bx/n on input line 35.
LaTeX Font Info:    Overwriting math alphabet `\mathsf' in version `bold'
(Font)                  OT1/cmss/bx/n --> OT1/lmss/bx/n on input line 36.
LaTeX Font Info:    Overwriting math alphabet `\mathit' in version `bold'
(Font)                  OT1/cmr/bx/it --> OT1/lmr/bx/it on input line 37.
LaTeX Font Info:    Overwriting math alphabet `\mathtt' in version `bold'
(Font)                  OT1/cmtt/m/n --> OT1/lmtt/m/n on input line 38.
)
(C:\Users\Adam\AppData\Local\Programs\MiKTeX\tex/latex/ocgx\ocgx.sty
Package: ocgx 2012/11/14 v0.5{} manage OCG in PDF document

(C:\Users\Adam\AppData\Local\Programs\MiKTeX\tex/latex/ocg-p\ocg-p.sty
Package: ocg-p 2013/01/10 v0.4 Optional Content Group in a PDF document

(C:\Users\Adam\AppData\Local\Programs\MiKTeX\tex/latex/eso-pic\eso-pic.sty
Package: eso-pic 2023/05/03 v3.0c eso-pic (RN)
\ESO@tempdima=\dimen165
\ESO@tempdimb=\dimen166
)
(C:\Users\Adam\AppData\Local\Programs\MiKTeX\tex/generic/iftex\ifpdf.sty
Package: ifpdf 2019/10/25 v3.4 ifpdf legacy package. Use iftex instead.
)
(C:\Users\Adam\AppData\Local\Programs\MiKTeX\tex/generic/iftex\ifxetex.sty
Package: ifxetex 2019/10/25 v0.7 ifxetex legacy package. Use iftex instead.
)
(C:\Users\Adam\AppData\Local\Programs\MiKTeX\tex/latex/xkeyval\xkeyval.sty
Package: xkeyval 2022/06/16 v2.9 package option processing (HA)

(C:\Users\Adam\AppData\Local\Programs\MiKTeX\tex/generic/xkeyval\xkeyval.tex
(C:\Users\Adam\AppData\Local\Programs\MiKTeX\tex/generic/xkeyval\xkvutils.tex
\XKV@toks=\toks30
\XKV@tempa@toks=\toks31
)
\XKV@depth=\count289
File: xkeyval.tex 2014/12/03 v2.7a key=value parser (HA)
))
\@ocgp@num=\count290
\@ocgp@tonum=\count291
\@ocgp@sonum=\count292
)) (C:\Users\Adam\AppData\Local\Programs\MiKTeX\tex/latex/polski\polski.sty
Package: polski 2021/08/25 v1.3.6 Polish language package

   Inputenc package detected. Catcodes not changed.
   Switching to Polish text encoding and Polish maths fonts.
(C:\Users\Adam\AppData\Local\Programs\MiKTeX\tex/latex/base\ot4enc.def
File: ot4enc.def 2021/04/29 v2.0v Standard LaTeX file
Now handling font encoding OT4 ...
... no UTF-8 mapping file for font encoding OT4
)
LaTeX Font Info:    Trying to load font information for OT4+cmr on input line 3
62.

(C:\Users\Adam\AppData\Local\Programs\MiKTeX\tex/latex/polski\ot4cmr.fd
File: ot4cmr.fd 2008/02/24 v1.2.1 Font defs for fonts PL (MW)
)
LaTeX Font Info:    Overwriting math alphabet `\mathbf' in version `normal'
(Font)                  OT1/lmr/bx/n --> OT4/cmr/bx/n on input line 362.
LaTeX Font Info:    Overwriting math alphabet `\mathsf' in version `normal'
(Font)                  OT1/lmss/m/n --> OT4/cmss/m/n on input line 362.
LaTeX Font Info:    Overwriting math alphabet `\mathit' in version `normal'
(Font)                  OT1/lmr/m/it --> OT4/cmr/m/it on input line 362.
LaTeX Font Info:    Overwriting math alphabet `\mathtt' in version `normal'
(Font)                  OT1/lmtt/m/n --> OT4/cmtt/m/n on input line 362.
LaTeX Font Info:    Overwriting math alphabet `\mathsf' in version `bold'
(Font)                  OT1/lmss/bx/n --> OT4/cmss/bx/n on input line 362.
LaTeX Font Info:    Overwriting math alphabet `\mathit' in version `bold'
(Font)                  OT1/lmr/bx/it --> OT4/cmr/bx/it on input line 362.
LaTeX Font Info:    Encoding `OT1' has changed to `OT4' for symbol font
(Font)              `operators' in the math version `normal' on input line 362.

LaTeX Font Info:    Overwriting symbol font `operators' in version `normal'
(Font)                  OT1/lmr/m/n --> OT4/cmr/m/n on input line 362.
LaTeX Font Info:    Overwriting symbol font `letters' in version `normal'
(Font)                  OML/lmm/m/it --> OML/plm/m/it on input line 362.
LaTeX Font Info:    Overwriting symbol font `symbols' in version `normal'
(Font)                  OMS/lmsy/m/n --> OMS/plsy/m/n on input line 362.
LaTeX Font Info:    Overwriting symbol font `largesymbols' in version `normal'
(Font)                  OMX/lmex/m/n --> OMX/plex/m/n on input line 362.
LaTeX Font Info:    Encoding `OT1' has changed to `OT4' for symbol font
(Font)              `operators' in the math version `bold' on input line 362.
LaTeX Font Info:    Overwriting symbol font `operators' in version `bold'
(Font)                  OT1/lmr/bx/n --> OT4/cmr/bx/n on input line 362.
LaTeX Font Info:    Overwriting symbol font `letters' in version `bold'
(Font)                  OML/lmm/b/it --> OML/plm/b/it on input line 362.
LaTeX Font Info:    Overwriting symbol font `symbols' in version `bold'
(Font)                  OMS/lmsy/b/n --> OMS/plsy/b/n on input line 362.
)
(C:\Users\Adam\AppData\Local\Programs\MiKTeX\tex/latex/tcolorbox\tcolorbox.sty
Package: tcolorbox 2023/06/19 version 6.0.4 text color boxes

(C:\Users\Adam\AppData\Local\Programs\MiKTeX\tex/latex/pgf/basiclayer\pgf.sty
(C:\Users\Adam\AppData\Local\Programs\MiKTeX\tex/latex/pgf/utilities\pgfrcs.sty

(C:\Users\Adam\AppData\Local\Programs\MiKTeX\tex/generic/pgf/utilities\pgfutil-
common.tex
\pgfutil@everybye=\toks32
\pgfutil@tempdima=\dimen167
\pgfutil@tempdimb=\dimen168
)
(C:\Users\Adam\AppData\Local\Programs\MiKTeX\tex/generic/pgf/utilities\pgfutil-
latex.def
\pgfutil@abb=\box56
)
(C:\Users\Adam\AppData\Local\Programs\MiKTeX\tex/generic/pgf/utilities\pgfrcs.c
ode.tex
(C:\Users\Adam\AppData\Local\Programs\MiKTeX\tex/generic/pgf\pgf.revision.tex)
Package: pgfrcs 2023-01-15 v3.1.10 (3.1.10)
))
Package: pgf 2023-01-15 v3.1.10 (3.1.10)

(C:\Users\Adam\AppData\Local\Programs\MiKTeX\tex/latex/pgf/basiclayer\pgfcore.s
ty
(C:\Users\Adam\AppData\Local\Programs\MiKTeX\tex/latex/pgf/systemlayer\pgfsys.s
ty
(C:\Users\Adam\AppData\Local\Programs\MiKTeX\tex/generic/pgf/systemlayer\pgfsys
.code.tex
Package: pgfsys 2023-01-15 v3.1.10 (3.1.10)

(C:\Users\Adam\AppData\Local\Programs\MiKTeX\tex/generic/pgf/utilities\pgfkeys.
code.tex
\pgfkeys@pathtoks=\toks33
\pgfkeys@temptoks=\toks34

(C:\Users\Adam\AppData\Local\Programs\MiKTeX\tex/generic/pgf/utilities\pgfkeysl
ibraryfiltered.code.tex
\pgfkeys@tmptoks=\toks35
))
\pgf@x=\dimen169
\pgf@y=\dimen170
\pgf@xa=\dimen171
\pgf@ya=\dimen172
\pgf@xb=\dimen173
\pgf@yb=\dimen174
\pgf@xc=\dimen175
\pgf@yc=\dimen176
\pgf@xd=\dimen177
\pgf@yd=\dimen178
\w@pgf@writea=\write3
\r@pgf@reada=\read2
\c@pgf@counta=\count293
\c@pgf@countb=\count294
\c@pgf@countc=\count295
\c@pgf@countd=\count296
\t@pgf@toka=\toks36
\t@pgf@tokb=\toks37
\t@pgf@tokc=\toks38
\pgf@sys@id@count=\count297

(C:\Users\Adam\AppData\Local\Programs\MiKTeX\tex/generic/pgf/systemlayer\pgf.cf
g
File: pgf.cfg 2023-01-15 v3.1.10 (3.1.10)
)
Driver file for pgf: pgfsys-pdftex.def

(C:\Users\Adam\AppData\Local\Programs\MiKTeX\tex/generic/pgf/systemlayer\pgfsys
-pdftex.def
File: pgfsys-pdftex.def 2023-01-15 v3.1.10 (3.1.10)

(C:\Users\Adam\AppData\Local\Programs\MiKTeX\tex/generic/pgf/systemlayer\pgfsys
-common-pdf.def
File: pgfsys-common-pdf.def 2023-01-15 v3.1.10 (3.1.10)
)))
(C:\Users\Adam\AppData\Local\Programs\MiKTeX\tex/generic/pgf/systemlayer\pgfsys
softpath.code.tex
File: pgfsyssoftpath.code.tex 2023-01-15 v3.1.10 (3.1.10)
\pgfsyssoftpath@smallbuffer@items=\count298
\pgfsyssoftpath@bigbuffer@items=\count299
)
(C:\Users\Adam\AppData\Local\Programs\MiKTeX\tex/generic/pgf/systemlayer\pgfsys
protocol.code.tex
File: pgfsysprotocol.code.tex 2023-01-15 v3.1.10 (3.1.10)
))
(C:\Users\Adam\AppData\Local\Programs\MiKTeX\tex/latex/xcolor\xcolor.sty
Package: xcolor 2022/06/12 v2.14 LaTeX color extensions (UK)

(C:\Users\Adam\AppData\Local\Programs\MiKTeX\tex/latex/graphics-cfg\color.cfg
File: color.cfg 2016/01/02 v1.6 sample color configuration
)
Package xcolor Info: Driver file: pdftex.def on input line 227.
LaTeX Info: Redefining \color on input line 711.

(C:\Users\Adam\AppData\Local\Programs\MiKTeX\tex/latex/graphics\mathcolor.ltx)
Package xcolor Info: Model `cmy' substituted by `cmy0' on input line 1353.
Package xcolor Info: Model `hsb' substituted by `rgb' on input line 1357.
Package xcolor Info: Model `RGB' extended on input line 1369.
Package xcolor Info: Model `HTML' substituted by `rgb' on input line 1371.
Package xcolor Info: Model `Hsb' substituted by `hsb' on input line 1372.
Package xcolor Info: Model `tHsb' substituted by `hsb' on input line 1373.
Package xcolor Info: Model `HSB' substituted by `hsb' on input line 1374.
Package xcolor Info: Model `Gray' substituted by `gray' on input line 1375.
Package xcolor Info: Model `wave' substituted by `hsb' on input line 1376.
)
(C:\Users\Adam\AppData\Local\Programs\MiKTeX\tex/generic/pgf/basiclayer\pgfcore
.code.tex
Package: pgfcore 2023-01-15 v3.1.10 (3.1.10)

(C:\Users\Adam\AppData\Local\Programs\MiKTeX\tex/generic/pgf/math\pgfmath.code.
tex
(C:\Users\Adam\AppData\Local\Programs\MiKTeX\tex/generic/pgf/math\pgfmathutil.c
ode.tex)
(C:\Users\Adam\AppData\Local\Programs\MiKTeX\tex/generic/pgf/math\pgfmathparser
.code.tex
\pgfmath@dimen=\dimen179
\pgfmath@count=\count300
\pgfmath@box=\box57
\pgfmath@toks=\toks39
\pgfmath@stack@operand=\toks40
\pgfmath@stack@operation=\toks41
)
(C:\Users\Adam\AppData\Local\Programs\MiKTeX\tex/generic/pgf/math\pgfmathfuncti
ons.code.tex)
(C:\Users\Adam\AppData\Local\Programs\MiKTeX\tex/generic/pgf/math\pgfmathfuncti
ons.basic.code.tex)
(C:\Users\Adam\AppData\Local\Programs\MiKTeX\tex/generic/pgf/math\pgfmathfuncti
ons.trigonometric.code.tex)
(C:\Users\Adam\AppData\Local\Programs\MiKTeX\tex/generic/pgf/math\pgfmathfuncti
ons.random.code.tex)
(C:\Users\Adam\AppData\Local\Programs\MiKTeX\tex/generic/pgf/math\pgfmathfuncti
ons.comparison.code.tex)
(C:\Users\Adam\AppData\Local\Programs\MiKTeX\tex/generic/pgf/math\pgfmathfuncti
ons.base.code.tex)
(C:\Users\Adam\AppData\Local\Programs\MiKTeX\tex/generic/pgf/math\pgfmathfuncti
ons.round.code.tex)
(C:\Users\Adam\AppData\Local\Programs\MiKTeX\tex/generic/pgf/math\pgfmathfuncti
ons.misc.code.tex)
(C:\Users\Adam\AppData\Local\Programs\MiKTeX\tex/generic/pgf/math\pgfmathfuncti
ons.integerarithmetics.code.tex)
(C:\Users\Adam\AppData\Local\Programs\MiKTeX\tex/generic/pgf/math\pgfmathcalc.c
ode.tex)
(C:\Users\Adam\AppData\Local\Programs\MiKTeX\tex/generic/pgf/math\pgfmathfloat.
code.tex
\c@pgfmathroundto@lastzeros=\count301
))
(C:\Users\Adam\AppData\Local\Programs\MiKTeX\tex/generic/pgf/math\pgfint.code.t
ex)
(C:\Users\Adam\AppData\Local\Programs\MiKTeX\tex/generic/pgf/basiclayer\pgfcore
points.code.tex
File: pgfcorepoints.code.tex 2023-01-15 v3.1.10 (3.1.10)
\pgf@picminx=\dimen180
\pgf@picmaxx=\dimen181
\pgf@picminy=\dimen182
\pgf@picmaxy=\dimen183
\pgf@pathminx=\dimen184
\pgf@pathmaxx=\dimen185
\pgf@pathminy=\dimen186
\pgf@pathmaxy=\dimen187
\pgf@xx=\dimen188
\pgf@xy=\dimen189
\pgf@yx=\dimen190
\pgf@yy=\dimen191
\pgf@zx=\dimen192
\pgf@zy=\dimen193
)
(C:\Users\Adam\AppData\Local\Programs\MiKTeX\tex/generic/pgf/basiclayer\pgfcore
pathconstruct.code.tex
File: pgfcorepathconstruct.code.tex 2023-01-15 v3.1.10 (3.1.10)
\pgf@path@lastx=\dimen194
\pgf@path@lasty=\dimen195
)
(C:\Users\Adam\AppData\Local\Programs\MiKTeX\tex/generic/pgf/basiclayer\pgfcore
pathusage.code.tex
File: pgfcorepathusage.code.tex 2023-01-15 v3.1.10 (3.1.10)
\pgf@shorten@end@additional=\dimen196
\pgf@shorten@start@additional=\dimen197
)
(C:\Users\Adam\AppData\Local\Programs\MiKTeX\tex/generic/pgf/basiclayer\pgfcore
scopes.code.tex
File: pgfcorescopes.code.tex 2023-01-15 v3.1.10 (3.1.10)
\pgfpic=\box58
\pgf@hbox=\box59
\pgf@layerbox@main=\box60
\pgf@picture@serial@count=\count302
)
(C:\Users\Adam\AppData\Local\Programs\MiKTeX\tex/generic/pgf/basiclayer\pgfcore
graphicstate.code.tex
File: pgfcoregraphicstate.code.tex 2023-01-15 v3.1.10 (3.1.10)
\pgflinewidth=\dimen198
)
(C:\Users\Adam\AppData\Local\Programs\MiKTeX\tex/generic/pgf/basiclayer\pgfcore
transformations.code.tex
File: pgfcoretransformations.code.tex 2023-01-15 v3.1.10 (3.1.10)
\pgf@pt@x=\dimen199
\pgf@pt@y=\dimen256
\pgf@pt@temp=\dimen257
)
(C:\Users\Adam\AppData\Local\Programs\MiKTeX\tex/generic/pgf/basiclayer\pgfcore
quick.code.tex
File: pgfcorequick.code.tex 2023-01-15 v3.1.10 (3.1.10)
)
(C:\Users\Adam\AppData\Local\Programs\MiKTeX\tex/generic/pgf/basiclayer\pgfcore
objects.code.tex
File: pgfcoreobjects.code.tex 2023-01-15 v3.1.10 (3.1.10)
)
(C:\Users\Adam\AppData\Local\Programs\MiKTeX\tex/generic/pgf/basiclayer\pgfcore
pathprocessing.code.tex
File: pgfcorepathprocessing.code.tex 2023-01-15 v3.1.10 (3.1.10)
)
(C:\Users\Adam\AppData\Local\Programs\MiKTeX\tex/generic/pgf/basiclayer\pgfcore
arrows.code.tex
File: pgfcorearrows.code.tex 2023-01-15 v3.1.10 (3.1.10)
\pgfarrowsep=\dimen258
)
(C:\Users\Adam\AppData\Local\Programs\MiKTeX\tex/generic/pgf/basiclayer\pgfcore
shade.code.tex
File: pgfcoreshade.code.tex 2023-01-15 v3.1.10 (3.1.10)
\pgf@max=\dimen259
\pgf@sys@shading@range@num=\count303
\pgf@shadingcount=\count304
)
(C:\Users\Adam\AppData\Local\Programs\MiKTeX\tex/generic/pgf/basiclayer\pgfcore
image.code.tex
File: pgfcoreimage.code.tex 2023-01-15 v3.1.10 (3.1.10)
)
(C:\Users\Adam\AppData\Local\Programs\MiKTeX\tex/generic/pgf/basiclayer\pgfcore
external.code.tex
File: pgfcoreexternal.code.tex 2023-01-15 v3.1.10 (3.1.10)
\pgfexternal@startupbox=\box61
)
(C:\Users\Adam\AppData\Local\Programs\MiKTeX\tex/generic/pgf/basiclayer\pgfcore
layers.code.tex
File: pgfcorelayers.code.tex 2023-01-15 v3.1.10 (3.1.10)
)
(C:\Users\Adam\AppData\Local\Programs\MiKTeX\tex/generic/pgf/basiclayer\pgfcore
transparency.code.tex
File: pgfcoretransparency.code.tex 2023-01-15 v3.1.10 (3.1.10)
)
(C:\Users\Adam\AppData\Local\Programs\MiKTeX\tex/generic/pgf/basiclayer\pgfcore
patterns.code.tex
File: pgfcorepatterns.code.tex 2023-01-15 v3.1.10 (3.1.10)
)
(C:\Users\Adam\AppData\Local\Programs\MiKTeX\tex/generic/pgf/basiclayer\pgfcore
rdf.code.tex
File: pgfcorerdf.code.tex 2023-01-15 v3.1.10 (3.1.10)
)))
(C:\Users\Adam\AppData\Local\Programs\MiKTeX\tex/generic/pgf/modules\pgfmodules
hapes.code.tex
File: pgfmoduleshapes.code.tex 2023-01-15 v3.1.10 (3.1.10)
\pgfnodeparttextbox=\box62
)
(C:\Users\Adam\AppData\Local\Programs\MiKTeX\tex/generic/pgf/modules\pgfmodulep
lot.code.tex
File: pgfmoduleplot.code.tex 2023-01-15 v3.1.10 (3.1.10)
)
(C:\Users\Adam\AppData\Local\Programs\MiKTeX\tex/latex/pgf/compatibility\pgfcom
p-version-0-65.sty
Package: pgfcomp-version-0-65 2023-01-15 v3.1.10 (3.1.10)
\pgf@nodesepstart=\dimen260
\pgf@nodesepend=\dimen261
)
(C:\Users\Adam\AppData\Local\Programs\MiKTeX\tex/latex/pgf/compatibility\pgfcom
p-version-1-18.sty
Package: pgfcomp-version-1-18 2023-01-15 v3.1.10 (3.1.10)
))
(C:\Users\Adam\AppData\Local\Programs\MiKTeX\tex/latex/tools\verbatim.sty
Package: verbatim 2022-07-02 v1.5u LaTeX2e package for verbatim enhancements
\every@verbatim=\toks42
\verbatim@line=\toks43
\verbatim@in@stream=\read3
)
(C:\Users\Adam\AppData\Local\Programs\MiKTeX\tex/latex/environ\environ.sty
Package: environ 2014/05/04 v0.3 A new way to define environments

(C:\Users\Adam\AppData\Local\Programs\MiKTeX\tex/latex/trimspaces\trimspaces.st
y
Package: trimspaces 2009/09/17 v1.1 Trim spaces around a token list
))
\tcb@titlebox=\box63
\tcb@upperbox=\box64
\tcb@lowerbox=\box65
\tcb@phantombox=\box66
\c@tcbbreakpart=\count305
\c@tcblayer=\count306
\c@tcolorbox@number=\count307
\tcb@temp=\box67
\tcb@temp=\box68
\tcb@temp=\box69
\tcb@temp=\box70
)
(C:\Users\Adam\AppData\Local\Programs\MiKTeX\tex/latex/tcolorbox\tcbraster.code
.tex
Library (tcolorbox): 'tcbraster.code.tex' version '6.0.4'
\c@tcbrastercolumn=\count308
\c@tcbrasterrow=\count309
\c@tcbrasternum=\count310
\c@tcbraster=\count311
)
(C:\Users\Adam\AppData\Local\Programs\MiKTeX\tex/latex/tcolorbox\tcbskins.code.
tex
Library (tcolorbox): 'tcbskins.code.tex' version '6.0.4'

(C:\Users\Adam\AppData\Local\Programs\MiKTeX\tex/latex/pgf/frontendlayer\tikz.s
ty
(C:\Users\Adam\AppData\Local\Programs\MiKTeX\tex/latex/pgf/utilities\pgffor.sty

(C:\Users\Adam\AppData\Local\Programs\MiKTeX\tex/latex/pgf/utilities\pgfkeys.st
y
(C:\Users\Adam\AppData\Local\Programs\MiKTeX\tex/generic/pgf/utilities\pgfkeys.
code.tex))
(C:\Users\Adam\AppData\Local\Programs\MiKTeX\tex/latex/pgf/math\pgfmath.sty
(C:\Users\Adam\AppData\Local\Programs\MiKTeX\tex/generic/pgf/math\pgfmath.code.
tex))
(C:\Users\Adam\AppData\Local\Programs\MiKTeX\tex/generic/pgf/utilities\pgffor.c
ode.tex
Package: pgffor 2023-01-15 v3.1.10 (3.1.10)
\pgffor@iter=\dimen262
\pgffor@skip=\dimen263
\pgffor@stack=\toks44
\pgffor@toks=\toks45
))
(C:\Users\Adam\AppData\Local\Programs\MiKTeX\tex/generic/pgf/frontendlayer/tikz
\tikz.code.tex
Package: tikz 2023-01-15 v3.1.10 (3.1.10)

(C:\Users\Adam\AppData\Local\Programs\MiKTeX\tex/generic/pgf/libraries\pgflibra
ryplothandlers.code.tex
File: pgflibraryplothandlers.code.tex 2023-01-15 v3.1.10 (3.1.10)
\pgf@plot@mark@count=\count312
\pgfplotmarksize=\dimen264
)
\tikz@lastx=\dimen265
\tikz@lasty=\dimen266
\tikz@lastxsaved=\dimen267
\tikz@lastysaved=\dimen268
\tikz@lastmovetox=\dimen269
\tikz@lastmovetoy=\dimen270
\tikzleveldistance=\dimen271
\tikzsiblingdistance=\dimen272
\tikz@figbox=\box71
\tikz@figbox@bg=\box72
\tikz@tempbox=\box73
\tikz@tempbox@bg=\box74
\tikztreelevel=\count313
\tikznumberofchildren=\count314
\tikznumberofcurrentchild=\count315
\tikz@fig@count=\count316

(C:\Users\Adam\AppData\Local\Programs\MiKTeX\tex/generic/pgf/modules\pgfmodulem
atrix.code.tex
File: pgfmodulematrix.code.tex 2023-01-15 v3.1.10 (3.1.10)
\pgfmatrixcurrentrow=\count317
\pgfmatrixcurrentcolumn=\count318
\pgf@matrix@numberofcolumns=\count319
)
\tikz@expandcount=\count320

(C:\Users\Adam\AppData\Local\Programs\MiKTeX\tex/generic/pgf/frontendlayer/tikz
/libraries\tikzlibrarytopaths.code.tex
File: tikzlibrarytopaths.code.tex 2023-01-15 v3.1.10 (3.1.10)
)))
(C:\Users\Adam\AppData\Local\Programs\MiKTeX\tex/latex/tikzfill\tikzfill.image.
sty
Package: tikzfill.image 2023/08/08 v1.0.1 Image filling library for TikZ

(C:\Users\Adam\AppData\Local\Programs\MiKTeX\tex/latex/tikzfill\tikzfill-common
.sty
Package: tikzfill-common 2023/08/08 v1.0.1 Auxiliary code for tikzfill
)
(C:\Users\Adam\AppData\Local\Programs\MiKTeX\tex/latex/tikzfill\tikzlibraryfill
.image.code.tex
File: tikzlibraryfill.image.code.tex 2023/08/08 v1.0.1 Image filling library
\l__tikzfill_img_box=\box75
))
(C:\Users\Adam\AppData\Local\Programs\MiKTeX\tex/latex/tcolorbox\tcbskinsjigsaw
.code.tex
Library (tcolorbox): 'tcbskinsjigsaw.code.tex' version '6.0.4'
))
(C:\Users\Adam\AppData\Local\Programs\MiKTeX\tex/latex/tcolorbox\tcbbreakable.c
ode.tex
Library (tcolorbox): 'tcbbreakable.code.tex' version '6.0.4'
(C:\Users\Adam\AppData\Local\Programs\MiKTeX\tex/latex/pdfcol\pdfcol.sty
Package: pdfcol 2022-09-21 v1.7 Handle new color stacks for pdfTeX (HO)
)
Package pdfcol Info: New color stack `tcb@breakable' = 1 on input line 23.
\tcb@testbox=\box76
\tcb@totalupperbox=\box77
\tcb@totallowerbox=\box78
)
(C:\Users\Adam\AppData\Local\Programs\MiKTeX\tex/latex/tcolorbox\tcbhooks.code.
tex
Library (tcolorbox): 'tcbhooks.code.tex' version '6.0.4'
)
(C:\Users\Adam\AppData\Local\Programs\MiKTeX\tex/latex/tcolorbox\tcbtheorems.co
de.tex
Library (tcolorbox): 'tcbtheorems.code.tex' version '6.0.4'
)
(C:\Users\Adam\AppData\Local\Programs\MiKTeX\tex/latex/tcolorbox\tcbfitting.cod
e.tex
Library (tcolorbox): 'tcbfitting.code.tex' version '6.0.4'
\tcbfitdim=\dimen273
\tcb@lowerfitdim=\dimen274
\tcb@upperfitdim=\dimen275
\tcb@cur@hbadness=\count321
)
(C:\Users\Adam\AppData\Local\Programs\MiKTeX\tex/latex/tcolorbox\tcblistingsutf
8.code.tex
Library (tcolorbox): 'tcblistingsutf8.code.tex' version '6.0.4'

(C:\Users\Adam\AppData\Local\Programs\MiKTeX\tex/latex/tcolorbox\tcblistings.co
de.tex
Library (tcolorbox): 'tcblistings.code.tex' version '6.0.4'
(C:\Users\Adam\AppData\Local\Programs\MiKTeX\tex/latex/listings\listings.sty
\lst@mode=\count322
\lst@gtempboxa=\box79
\lst@token=\toks46
\lst@length=\count323
\lst@currlwidth=\dimen276
\lst@column=\count324
\lst@pos=\count325
\lst@lostspace=\dimen277
\lst@width=\dimen278
\lst@newlines=\count326
\lst@lineno=\count327
\lst@maxwidth=\dimen279

(C:\Users\Adam\AppData\Local\Programs\MiKTeX\tex/latex/listings\lstmisc.sty
File: lstmisc.sty 2023/02/27 1.9 (Carsten Heinz)
\c@lstnumber=\count328
\lst@skipnumbers=\count329
\lst@framebox=\box80
)
(C:\Users\Adam\AppData\Local\Programs\MiKTeX\tex/latex/listings\listings.cfg
File: listings.cfg 2023/02/27 1.9 listings configuration
))
Package: listings 2023/02/27 1.9 (Carsten Heinz)

(C:\Users\Adam\AppData\Local\Programs\MiKTeX\tex/latex/tcolorbox\tcblistingscor
e.code.tex
Library (tcolorbox): 'tcblistingscore.code.tex' version '6.0.4'

(C:\Users\Adam\AppData\Local\Programs\MiKTeX\tex/latex/tcolorbox\tcbprocessing.
code.tex
Library (tcolorbox): 'tcbprocessing.code.tex' version '6.0.4'
(C:\Users\Adam\AppData\Local\Programs\MiKTeX\tex/latex/tools\shellesc.sty
Package: shellesc 2023/04/15 v1.0d unified shell escape interface for LaTeX
Package shellesc Info: Restricted shell escape enabled on input line 77.
))
\c@tcblisting=\count330
))
(C:\Users\Adam\AppData\Local\Programs\MiKTeX\tex/latex/listingsutf8\listingsutf
8.sty
Package: listingsutf8 2019-12-10 v1.5 Allow UTF-8 in listings input (HO)

(C:\Users\Adam\AppData\Local\Programs\MiKTeX\tex/generic/stringenc\stringenc.st
y
Package: stringenc 2019/11/29 v1.12 Convert strings between diff. encodings (HO
)
)))
(C:\Users\Adam\AppData\Local\Programs\MiKTeX\tex/latex/tcolorbox\tcbexternal.co
de.tex
Library (tcolorbox): 'tcbexternal.code.tex' version '6.0.4'
)
(C:\Users\Adam\AppData\Local\Programs\MiKTeX\tex/latex/tcolorbox\tcbmagazine.co
de.tex
Library (tcolorbox): 'tcbmagazine.code.tex' version '6.0.4'
)
(C:\Users\Adam\AppData\Local\Programs\MiKTeX\tex/latex/tcolorbox\tcbvignette.co
de.tex
Library (tcolorbox): 'tcbvignette.code.tex' version '6.0.4'

(C:\Users\Adam\AppData\Local\Programs\MiKTeX\tex/generic/pgf/frontendlayer/tikz
/libraries\tikzlibraryfadings.code.tex
File: tikzlibraryfadings.code.tex 2023-01-15 v3.1.10 (3.1.10)

(C:\Users\Adam\AppData\Local\Programs\MiKTeX\tex/generic/pgf/libraries\pgflibra
ryfadings.code.tex
File: pgflibraryfadings.code.tex 2023-01-15 v3.1.10 (3.1.10)
)))
(C:\Users\Adam\AppData\Local\Programs\MiKTeX\tex/latex/tcolorbox\tcbposter.code
.tex
Library (tcolorbox): 'tcbposter.code.tex' version '6.0.4'
)
LaTeX Font Info:    Redeclaring symbol font `largesymbols' on input line 32.
LaTeX Font Info:    Overwriting symbol font `largesymbols' in version `normal'
(Font)                  OMX/plex/m/n --> OMX/cmex/m/n on input line 32.
LaTeX Font Info:    Overwriting symbol font `largesymbols' in version `bold'
(Font)                  OMX/lmex/m/n --> OMX/cmex/m/n on input line 32.
LaTeX Font Info:    Trying to load font information for OT4+lmr on input line 5
8.
 (C:\Users\Adam\AppData\Local\Programs\MiKTeX\tex/latex/lm\ot4lmr.fd
File: ot4lmr.fd 2015/05/01 v1.6.1 Font defs for Latin Modern
)
(C:\Users\Adam\AppData\Local\Programs\MiKTeX\tex/latex/l3backend\l3backend-pdft
ex.def
File: l3backend-pdftex.def 2023-04-19 L3 backend support: PDF output (pdfTeX)
\l__color_backend_stack_int=\count331
\l__pdf_internal_box=\box81
) (Algebra.aux)
\openout1 = `Algebra.aux'.

LaTeX Font Info:    Checking defaults for OML/cmm/m/it on input line 58.
LaTeX Font Info:    ... okay on input line 58.
LaTeX Font Info:    Checking defaults for OMS/cmsy/m/n on input line 58.
LaTeX Font Info:    ... okay on input line 58.
LaTeX Font Info:    Checking defaults for OT1/cmr/m/n on input line 58.
LaTeX Font Info:    ... okay on input line 58.
LaTeX Font Info:    Checking defaults for T1/cmr/m/n on input line 58.
LaTeX Font Info:    ... okay on input line 58.
LaTeX Font Info:    Checking defaults for TS1/cmr/m/n on input line 58.
LaTeX Font Info:    ... okay on input line 58.
LaTeX Font Info:    Checking defaults for OMX/cmex/m/n on input line 58.
LaTeX Font Info:    ... okay on input line 58.
LaTeX Font Info:    Checking defaults for U/cmr/m/n on input line 58.
LaTeX Font Info:    ... okay on input line 58.
LaTeX Font Info:    Checking defaults for PD1/pdf/m/n on input line 58.
LaTeX Font Info:    ... okay on input line 58.
LaTeX Font Info:    Checking defaults for PU/pdf/m/n on input line 58.
LaTeX Font Info:    ... okay on input line 58.
LaTeX Font Info:    Checking defaults for OT4/cmr/m/n on input line 58.
LaTeX Font Info:    ... okay on input line 58.

*geometry* driver: auto-detecting
*geometry* detected driver: pdftex
*geometry* verbose mode - [ preamble ] result:
* driver: pdftex
* paper: a4paper
* layout: <same size as paper>
* layoutoffset:(h,v)=(0.0pt,0.0pt)
* modes: 
* h-part:(L,W,R)=(56.9055pt, 483.69687pt, 56.9055pt)
* v-part:(T,H,B)=(56.9055pt, 731.23584pt, 56.9055pt)
* \paperwidth=597.50787pt
* \paperheight=845.04684pt
* \textwidth=483.69687pt
* \textheight=731.23584pt
* \oddsidemargin=-15.36449pt
* \evensidemargin=-15.36449pt
* \topmargin=-52.36449pt
* \headheight=12.0pt
* \headsep=25.0pt
* \topskip=10.0pt
* \footskip=30.0pt
* \marginparwidth=57.0pt
* \marginparsep=11.0pt
* \columnsep=10.0pt
* \skip\footins=9.0pt plus 4.0pt minus 2.0pt
* \hoffset=0.0pt
* \voffset=0.0pt
* \mag=1000
* \@twocolumnfalse
* \@twosidefalse
* \@mparswitchfalse
* \@reversemarginfalse
* (1in=72.27pt=25.4mm, 1cm=28.453pt)


(C:\Users\Adam\AppData\Local\Programs\MiKTeX\tex/context/base/mkii\supp-pdf.mki
i
[Loading MPS to PDF converter (version 2006.09.02).]
\scratchcounter=\count332
\scratchdimen=\dimen280
\scratchbox=\box82
\nofMPsegments=\count333
\nofMParguments=\count334
\everyMPshowfont=\toks47
\MPscratchCnt=\count335
\MPscratchDim=\dimen281
\MPnumerator=\count336
\makeMPintoPDFobject=\count337
\everyMPtoPDFconversion=\toks48
)
(C:\Users\Adam\AppData\Local\Programs\MiKTeX\tex/latex/epstopdf-pkg\epstopdf-ba
se.sty
Package: epstopdf-base 2020-01-24 v2.11 Base part for package epstopdf
Package epstopdf-base Info: Redefining graphics rule for `.eps' on input line 4
85.

(C:\Users\Adam\AppData\Local\Programs\MiKTeX\tex/latex/00miktex\epstopdf-sys.cf
g
File: epstopdf-sys.cfg 2021/03/18 v2.0 Configuration of epstopdf for MiKTeX
))
Package hyperref Info: Link coloring ON on input line 58.
 (Algebra.out) (Algebra.out)
\@outlinefile=\write4
\openout4 = `Algebra.out'.

\c@lstlisting=\count338
LaTeX Font Info:    Trying to load font information for OML+plm on input line 6
6.

(C:\Users\Adam\AppData\Local\Programs\MiKTeX\tex/latex/polski\omlplm.fd
File: omlplm.fd 2008/02/24 v1.2.1 Font defs for fonts PL (MW)
)
LaTeX Font Info:    Trying to load font information for OMS+plsy on input line 
66.

(C:\Users\Adam\AppData\Local\Programs\MiKTeX\tex/latex/polski\omsplsy.fd
File: omsplsy.fd 2008/02/24 v1.2.1 Font defs for fonts PL (MW)
)
LaTeX Font Info:    Trying to load font information for U+msa on input line 66.


(C:\Users\Adam\AppData\Local\Programs\MiKTeX\tex/latex/amsfonts\umsa.fd
File: umsa.fd 2013/01/14 v3.01 AMS symbols A
)
LaTeX Font Info:    Trying to load font information for U+msb on input line 66.


(C:\Users\Adam\AppData\Local\Programs\MiKTeX\tex/latex/amsfonts\umsb.fd
File: umsb.fd 2013/01/14 v3.01 AMS symbols B
)
LaTeX Font Info:    Trying to load font information for TS1+lmr on input line 6
6.

(C:\Users\Adam\AppData\Local\Programs\MiKTeX\tex/latex/lm\ts1lmr.fd
File: ts1lmr.fd 2015/05/01 v1.6.1 Font defs for Latin Modern
)
(Algebra.toc)
\tf@toc=\write5
\openout5 = `Algebra.toc'.

 /OCocg1 /OCocg2 [1

{C:/Users/Adam/AppData/Local/MiKTeX/fonts/map/pdftex/pdftex.map}{C:/Users/Adam/
AppData/Local/Programs/MiKTeX/fonts/enc/dvips/lm/lm-rm.enc}{C:/Users/Adam/AppDa
ta/Local/Programs/MiKTeX/fonts/enc/dvips/lm/lm-ts1.enc}] /OCocg3 /OCocg4 /OCocg
5 /OCocg6 /OCocg7 /OCocg8 /OCocg9 [2{C:/Users/Adam/AppData/Local/Programs/MiKTe
X/fonts/enc/dvips/pl/plms.enc}{C:/Users/Adam/AppData/Local/Programs/MiKTeX/font
s/enc/dvips/pl/plrm.enc}{C:/Users/Adam/AppData/Local/Programs/MiKTeX/fonts/enc/
dvips/pl/plmi.enc}] /OCocg10 /OCocg11 /OCocg12
/OCocg13 /OCocg14 /OCocg15 [3] /OCocg16 /OCocg17 /OCocg18 /OCocg19 /OCocg20
[4] /OCocg21 /OCocg22 /OCocg23 /OCocg24 /OCocg25 [5] /OCocg26 /OCocg27
/OCocg28 /OCocg29 /OCocg30 [6] /OCocg31 /OCocg32 /OCocg33 /OCocg34 [7]
/OCocg35 /OCocg36 /OCocg37 /OCocg38 [8] /OCocg39 /OCocg40 /OCocg41
<../pics/obszar41.pdf, id=652, 289.08pt x 289.08pt>
File: ../pics/obszar41.pdf Graphic file (type pdf)
<use ../pics/obszar41.pdf>
Package pdftex.def Info: ../pics/obszar41.pdf  used on input line 611.
(pdftex.def)             Requested size: 289.07928pt x 289.07928pt.
 /OCocg42
<../pics/obszar42.pdf, id=654, 289.08pt x 289.08pt>
File: ../pics/obszar42.pdf Graphic file (type pdf)
<use ../pics/obszar42.pdf>
Package pdftex.def Info: ../pics/obszar42.pdf  used on input line 625.
(pdftex.def)             Requested size: 289.07928pt x 289.07928pt.

[9] /OCocg43
<../pics/obszar43.pdf, id=665, 289.08pt x 289.08pt>
File: ../pics/obszar43.pdf Graphic file (type pdf)
<use ../pics/obszar43.pdf>
Package pdftex.def Info: ../pics/obszar43.pdf  used on input line 639.
(pdftex.def)             Requested size: 289.07928pt x 289.07928pt.
 /OCocg44
<../pics/obszar44.pdf, id=667, 289.08pt x 289.08pt>
File: ../pics/obszar44.pdf Graphic file (type pdf)
<use ../pics/obszar44.pdf>
Package pdftex.def Info: ../pics/obszar44.pdf  used on input line 653.
(pdftex.def)             Requested size: 289.07928pt x 289.07928pt.
 /OCocg45
<../pics/obszar45.pdf, id=669, 289.08pt x 289.08pt>
File: ../pics/obszar45.pdf Graphic file (type pdf)
<use ../pics/obszar45.pdf>
Package pdftex.def Info: ../pics/obszar45.pdf  used on input line 667.
(pdftex.def)             Requested size: 289.07928pt x 289.07928pt.
 [10 <../pics/obszar41.pdf> <../pics/obszar42.pdf> <../pics/obszar43.pdf>] /OCo
cg46
<../pics/obszar46.pdf, id=708, 289.08pt x 289.08pt>
File: ../pics/obszar46.pdf Graphic file (type pdf)
<use ../pics/obszar46.pdf>
Package pdftex.def Info: ../pics/obszar46.pdf  used on input line 681.
(pdftex.def)             Requested size: 289.07928pt x 289.07928pt.
 /OCocg47
<../pics/obszar47.pdf, id=710, 289.08pt x 289.08pt>
File: ../pics/obszar47.pdf Graphic file (type pdf)
<use ../pics/obszar47.pdf>
Package pdftex.def Info: ../pics/obszar47.pdf  used on input line 695.
(pdftex.def)             Requested size: 289.07928pt x 289.07928pt.
 /OCocg48
<../pics/obszar48.pdf, id=712, 289.08pt x 289.08pt>
File: ../pics/obszar48.pdf Graphic file (type pdf)
<use ../pics/obszar48.pdf>
Package pdftex.def Info: ../pics/obszar48.pdf  used on input line 709.
(pdftex.def)             Requested size: 289.07928pt x 289.07928pt.
 [11 <../pics/obszar44.pdf> <../pics/obszar45.pdf> <../pics/obszar46.pdf>] /OCo
cg49
<../pics/obszar49.pdf, id=751, 289.08pt x 289.08pt>
File: ../pics/obszar49.pdf Graphic file (type pdf)
<use ../pics/obszar49.pdf>
Package pdftex.def Info: ../pics/obszar49.pdf  used on input line 723.
(pdftex.def)             Requested size: 289.07928pt x 289.07928pt.
 /OCocg50
<../pics/obszar50.pdf, id=753, 289.08pt x 289.08pt>
File: ../pics/obszar50.pdf Graphic file (type pdf)
<use ../pics/obszar50.pdf>
Package pdftex.def Info: ../pics/obszar50.pdf  used on input line 737.
(pdftex.def)             Requested size: 289.07928pt x 289.07928pt.
 /OCocg51
<../pics/obszar51.pdf, id=755, 289.08pt x 289.08pt>
File: ../pics/obszar51.pdf Graphic file (type pdf)
<use ../pics/obszar51.pdf>
Package pdftex.def Info: ../pics/obszar51.pdf  used on input line 752.
(pdftex.def)             Requested size: 289.07928pt x 289.07928pt.

[12 <../pics/obszar47.pdf> <../pics/obszar48.pdf> <../pics/obszar49.pdf>]
/OCocg52
<../pics/obszar52.pdf, id=794, 289.08pt x 289.08pt>
File: ../pics/obszar52.pdf Graphic file (type pdf)
<use ../pics/obszar52.pdf>
Package pdftex.def Info: ../pics/obszar52.pdf  used on input line 767.
(pdftex.def)             Requested size: 289.07928pt x 289.07928pt.
 /OCocg53
<../pics/obszar53.pdf, id=796, 289.08pt x 289.08pt>
File: ../pics/obszar53.pdf Graphic file (type pdf)
<use ../pics/obszar53.pdf>
Package pdftex.def Info: ../pics/obszar53.pdf  used on input line 782.
(pdftex.def)             Requested size: 289.07928pt x 289.07928pt.
 /OCocg54
<../pics/obszar54.pdf, id=798, 289.08pt x 289.08pt>
File: ../pics/obszar54.pdf Graphic file (type pdf)
<use ../pics/obszar54.pdf>
Package pdftex.def Info: ../pics/obszar54.pdf  used on input line 797.
(pdftex.def)             Requested size: 289.07928pt x 289.07928pt.
 [13 <../pics/obszar50.pdf> <../pics/obszar51.pdf> <../pics/obszar52.pdf>] /OCo
cg55
<../pics/obszar55.pdf, id=838, 289.08pt x 289.08pt>
File: ../pics/obszar55.pdf Graphic file (type pdf)
<use ../pics/obszar55.pdf>
Package pdftex.def Info: ../pics/obszar55.pdf  used on input line 812.
(pdftex.def)             Requested size: 289.07928pt x 289.07928pt.
 /OCocg56
<../pics/obszar56.pdf, id=840, 289.08pt x 289.08pt>
File: ../pics/obszar56.pdf Graphic file (type pdf)
<use ../pics/obszar56.pdf>
Package pdftex.def Info: ../pics/obszar56.pdf  used on input line 829.
(pdftex.def)             Requested size: 289.07928pt x 289.07928pt.
 /OCocg57
<../pics/obszar57.pdf, id=842, 289.08pt x 289.08pt>
File: ../pics/obszar57.pdf Graphic file (type pdf)
<use ../pics/obszar57.pdf>
Package pdftex.def Info: ../pics/obszar57.pdf  used on input line 846.
(pdftex.def)             Requested size: 289.07928pt x 289.07928pt.
 [14 <../pics/obszar53.pdf> <../pics/obszar54.pdf> <../pics/obszar55.pdf>] /OCo
cg58
<../pics/obszar58.pdf, id=881, 289.08pt x 289.08pt>
File: ../pics/obszar58.pdf Graphic file (type pdf)
<use ../pics/obszar58.pdf>
Package pdftex.def Info: ../pics/obszar58.pdf  used on input line 863.
(pdftex.def)             Requested size: 289.07928pt x 289.07928pt.
 /OCocg59
<../pics/obszar59.pdf, id=883, 289.08pt x 289.08pt>
File: ../pics/obszar59.pdf Graphic file (type pdf)
<use ../pics/obszar59.pdf>
Package pdftex.def Info: ../pics/obszar59.pdf  used on input line 880.
(pdftex.def)             Requested size: 289.07928pt x 289.07928pt.
 /OCocg60
<../pics/obszar60.pdf, id=885, 289.08pt x 289.08pt>
File: ../pics/obszar60.pdf Graphic file (type pdf)
<use ../pics/obszar60.pdf>
Package pdftex.def Info: ../pics/obszar60.pdf  used on input line 897.
(pdftex.def)             Requested size: 289.07928pt x 289.07928pt.
 [15 <../pics/obszar56.pdf> <../pics/obszar57.pdf> <../pics/obszar58.pdf>] /OCo
cg61
<../pics/obszar61.pdf, id=924, 289.08pt x 289.08pt>
File: ../pics/obszar61.pdf Graphic file (type pdf)
<use ../pics/obszar61.pdf>
Package pdftex.def Info: ../pics/obszar61.pdf  used on input line 914.
(pdftex.def)             Requested size: 289.07928pt x 289.07928pt.

/OCocg62
<../pics/obszar62.pdf, id=926, 289.08pt x 289.08pt>
File: ../pics/obszar62.pdf Graphic file (type pdf)
<use ../pics/obszar62.pdf>
Package pdftex.def Info: ../pics/obszar62.pdf  used on input line 931.
(pdftex.def)             Requested size: 289.07928pt x 289.07928pt.
 /OCocg63
<../pics/obszar63.pdf, id=928, 289.08pt x 289.08pt>
File: ../pics/obszar63.pdf Graphic file (type pdf)
<use ../pics/obszar63.pdf>
Package pdftex.def Info: ../pics/obszar63.pdf  used on input line 948.
(pdftex.def)             Requested size: 289.07928pt x 289.07928pt.
 [16 <../pics/obszar59.pdf> <../pics/obszar60.pdf> <../pics/obszar61.pdf>] /OCo
cg64
<../pics/obszar64.pdf, id=967, 289.08pt x 289.08pt>
File: ../pics/obszar64.pdf Graphic file (type pdf)
<use ../pics/obszar64.pdf>
Package pdftex.def Info: ../pics/obszar64.pdf  used on input line 965.
(pdftex.def)             Requested size: 289.07928pt x 289.07928pt.
 /OCocg65
<../pics/obszar65.pdf, id=969, 289.08pt x 289.08pt>
File: ../pics/obszar65.pdf Graphic file (type pdf)
<use ../pics/obszar65.pdf>
Package pdftex.def Info: ../pics/obszar65.pdf  used on input line 982.
(pdftex.def)             Requested size: 289.07928pt x 289.07928pt.
 /OCocg66
<../pics/obszar66.pdf, id=971, 289.08pt x 289.08pt>
File: ../pics/obszar66.pdf Graphic file (type pdf)
<use ../pics/obszar66.pdf>
Package pdftex.def Info: ../pics/obszar66.pdf  used on input line 999.
(pdftex.def)             Requested size: 289.07928pt x 289.07928pt.
 [17 <../pics/obszar62.pdf> <../pics/obszar63.pdf> <../pics/obszar64.pdf>] /OCo
cg67
<../pics/obszar67.pdf, id=1010, 289.08pt x 289.08pt>
File: ../pics/obszar67.pdf Graphic file (type pdf)
<use ../pics/obszar67.pdf>
Package pdftex.def Info: ../pics/obszar67.pdf  used on input line 1016.
(pdftex.def)             Requested size: 289.07928pt x 289.07928pt.
 /OCocg68
<../pics/obszar68.pdf, id=1012, 289.08pt x 289.08pt>
File: ../pics/obszar68.pdf Graphic file (type pdf)
<use ../pics/obszar68.pdf>
Package pdftex.def Info: ../pics/obszar68.pdf  used on input line 1033.
(pdftex.def)             Requested size: 289.07928pt x 289.07928pt.
 /OCocg69
<../pics/obszar69.pdf, id=1014, 289.08pt x 289.08pt>
File: ../pics/obszar69.pdf Graphic file (type pdf)
<use ../pics/obszar69.pdf>
Package pdftex.def Info: ../pics/obszar69.pdf  used on input line 1050.
(pdftex.def)             Requested size: 289.07928pt x 289.07928pt.
 [18 <../pics/obszar65.pdf> <../pics/obszar66.pdf> <../pics/obszar67.pdf>] /OCo
cg70
<../pics/obszar70.pdf, id=1053, 289.08pt x 289.08pt>
File: ../pics/obszar70.pdf Graphic file (type pdf)
<use ../pics/obszar70.pdf>
Package pdftex.def Info: ../pics/obszar70.pdf  used on input line 1067.
(pdftex.def)             Requested size: 289.07928pt x 289.07928pt.
 /OCocg71
/OCocg72 /OCocg73 [19 <../pics/obszar68.pdf> <../pics/obszar69.pdf> <../pics/ob
szar70.pdf>] /OCocg74 /OCocg75 /OCocg76 /OCocg77 /OCocg78 /OCocg79 /OCocg80
[20] /OCocg81 /OCocg82 /OCocg83 /OCocg84 /OCocg85 /OCocg86 /OCocg87 [21]
/OCocg88 /OCocg89 /OCocg90 /OCocg91 /OCocg92 /OCocg93 [22] /OCocg94 /OCocg95
/OCocg96 /OCocg97 /OCocg98 /OCocg99 [23] /OCocg100 /OCocg101 /OCocg102
/OCocg103 /OCocg104 /OCocg105 [24] /OCocg106 /OCocg107 /OCocg108 /OCocg109
/OCocg110 /OCocg111 [25] /OCocg112 /OCocg113 /OCocg114 /OCocg115 /OCocg116
/OCocg117 [26] /OCocg118 /OCocg119 /OCocg120 /OCocg121
Underfull \hbox (badness 10000) in paragraph at lines 1456--1463

 []

/OCocg122
Underfull \hbox (badness 10000) in paragraph at lines 1468--1475

 []

[27] /OCocg123
Underfull \hbox (badness 10000) in paragraph at lines 1480--1487

 []

/OCocg124
Underfull \hbox (badness 10000) in paragraph at lines 1492--1499

 []

/OCocg125
Underfull \hbox (badness 10000) in paragraph at lines 1504--1511

 []

/OCocg126
Underfull \hbox (badness 10000) in paragraph at lines 1516--1523

 []

[28] /OCocg127
Underfull \hbox (badness 10000) in paragraph at lines 1528--1535

 []

/OCocg128
Underfull \hbox (badness 10000) in paragraph at lines 1540--1547

 []

/OCocg129
Underfull \hbox (badness 10000) in paragraph at lines 1552--1559

 []

[29] /OCocg130
Underfull \hbox (badness 10000) in paragraph at lines 1564--1571

 []

/OCocg131
Underfull \hbox (badness 10000) in paragraph at lines 1576--1583

 []

/OCocg132
Underfull \hbox (badness 10000) in paragraph at lines 1588--1595

 []

[30] /OCocg133
Underfull \hbox (badness 10000) in paragraph at lines 1600--1607

 []

/OCocg134
Underfull \hbox (badness 10000) in paragraph at lines 1612--1619

 []

/OCocg135
Underfull \hbox (badness 10000) in paragraph at lines 1624--1631

 []

[31] /OCocg136
Underfull \hbox (badness 10000) in paragraph at lines 1636--1643

 []

/OCocg137
Underfull \hbox (badness 10000) in paragraph at lines 1648--1655

 []

/OCocg138
Underfull \hbox (badness 10000) in paragraph at lines 1660--1667

 []

[32] /OCocg139
Underfull \hbox (badness 10000) in paragraph at lines 1672--1679

 []

/OCocg140
Underfull \hbox (badness 10000) in paragraph at lines 1684--1691

 []

[33] /OCocg141 /OCocg142 /OCocg143 /OCocg144 [34] /OCocg145 /OCocg146
/OCocg147 [35] /OCocg148 /OCocg149 /OCocg150 [36] /OCocg151 /OCocg152
/OCocg153 /OCocg154 [37] /OCocg155 /OCocg156 /OCocg157 /OCocg158 /OCocg159
[38] /OCocg160 /OCocg161 /OCocg162 /OCocg163 /OCocg164 [39] /OCocg165
/OCocg166 /OCocg167 /OCocg168 /OCocg169 [40] /OCocg170 /OCocg171 /OCocg172
/OCocg173 [41] /OCocg174 /OCocg175 /OCocg176 /OCocg177 [42] /OCocg178
/OCocg179 /OCocg180 /OCocg181 [43] /OCocg182 /OCocg183 /OCocg184 [44]
/OCocg185 /OCocg186 /OCocg187 [45] /OCocg188 /OCocg189 /OCocg190 [46]
/OCocg191 /OCocg192 /OCocg193 [47] /OCocg194 /OCocg195 /OCocg196 /OCocg197
[48] /OCocg198 /OCocg199 /OCocg200 /OCocg201 [49] /OCocg202 /OCocg203
/OCocg204 [50] /OCocg205 /OCocg206 /OCocg207 [51] /OCocg208 /OCocg209
/OCocg210 [52] /OCocg211 /OCocg212 /OCocg213 [53] /OCocg214 /OCocg215
/OCocg216 [54] /OCocg217 /OCocg218 /OCocg219 [55] /OCocg220 /OCocg221
/OCocg222 [56] /OCocg223 /OCocg224 /OCocg225 /OCocg226 /OCocg227 /OCocg228
[57] /OCocg229 /OCocg230 /OCocg231 /OCocg232 /OCocg233 /OCocg234 [58]
/OCocg235 /OCocg236 /OCocg237 /OCocg238 /OCocg239 [59] /OCocg240 /OCocg241
/OCocg242 /OCocg243 /OCocg244 [60] /OCocg245 /OCocg246 /OCocg247 /OCocg248
/OCocg249 [61] /OCocg250 /OCocg251 /OCocg252 /OCocg253 [62] /OCocg254
/OCocg255 /OCocg256 /OCocg257 [63] /OCocg258 /OCocg259 /OCocg260 [64]
/OCocg261 /OCocg262 /OCocg263 /OCocg264 /OCocg265 [65] /OCocg266 /OCocg267
/OCocg268 /OCocg269 [66] /OCocg270 /OCocg271
Underfull \hbox (badness 10000) in paragraph at lines 3261--3264

 []

/OCocg272
Underfull \hbox (badness 10000) in paragraph at lines 3269--3272

 []

/OCocg273
Underfull \hbox (badness 10000) in paragraph at lines 3277--3280

 []

[67] /OCocg274
Underfull \hbox (badness 10000) in paragraph at lines 3285--3288

 []

/OCocg275
Underfull \hbox (badness 10000) in paragraph at lines 3293--3296

 []

/OCocg276
Underfull \hbox (badness 10000) in paragraph at lines 3301--3304

 []

/OCocg277
Underfull \hbox (badness 10000) in paragraph at lines 3309--3312

 []

/OCocg278
Underfull \hbox (badness 10000) in paragraph at lines 3317--3320

 []

[68] /OCocg279
Underfull \hbox (badness 10000) in paragraph at lines 3325--3328

 []

/OCocg280
Underfull \hbox (badness 10000) in paragraph at lines 3333--3336

 []

/OCocg281
Underfull \hbox (badness 10000) in paragraph at lines 3341--3344

 []

/OCocg282
Underfull \hbox (badness 10000) in paragraph at lines 3349--3352

 []

/OCocg283
Underfull \hbox (badness 10000) in paragraph at lines 3357--3360

 []

[69] /OCocg284
Underfull \hbox (badness 10000) in paragraph at lines 3365--3368

 []

/OCocg285
Underfull \hbox (badness 10000) in paragraph at lines 3373--3376

 []

/OCocg286
Underfull \hbox (badness 10000) in paragraph at lines 3381--3384

 []

/OCocg287
Underfull \hbox (badness 10000) in paragraph at lines 3389--3392

 []

/OCocg288
Underfull \hbox (badness 10000) in paragraph at lines 3397--3400

 []

[70] /OCocg289
Underfull \hbox (badness 10000) in paragraph at lines 3405--3408

 []

/OCocg290
Underfull \hbox (badness 10000) in paragraph at lines 3413--3416

 []

/OCocg291
Underfull \hbox (badness 10000) in paragraph at lines 3421--3424

 []

/OCocg292
Underfull \hbox (badness 10000) in paragraph at lines 3429--3432

 []

/OCocg293
Underfull \hbox (badness 10000) in paragraph at lines 3437--3440

 []

[71] /OCocg294
Underfull \hbox (badness 10000) in paragraph at lines 3445--3448

 []

/OCocg295
Underfull \hbox (badness 10000) in paragraph at lines 3453--3456

 []

/OCocg296
Underfull \hbox (badness 10000) in paragraph at lines 3461--3464

 []

/OCocg297
Underfull \hbox (badness 10000) in paragraph at lines 3469--3472

 []

/OCocg298
Underfull \hbox (badness 10000) in paragraph at lines 3477--3480

 []

[72] /OCocg299
Underfull \hbox (badness 10000) in paragraph at lines 3485--3488

 []

/OCocg300
Underfull \hbox (badness 10000) in paragraph at lines 3493--3496

 []

/OCocg301 /OCocg302 /OCocg303 /OCocg304 [73] /OCocg305 /OCocg306 /OCocg307
/OCocg308 /OCocg309 /OCocg310 /OCocg311 /OCocg312 [74] /OCocg313 /OCocg314
/OCocg315 /OCocg316 /OCocg317 [75] /OCocg318 /OCocg319 /OCocg320 /OCocg321
/OCocg322 [76] /OCocg323 /OCocg324 /OCocg325 /OCocg326 /OCocg327 [77]
/OCocg328 /OCocg329 /OCocg330 /OCocg331 /OCocg332 [78] /OCocg333 /OCocg334
/OCocg335 /OCocg336 /OCocg337 [79] /OCocg338 /OCocg339 /OCocg340 /OCocg341
/OCocg342 [80] /OCocg343 /OCocg344 /OCocg345 /OCocg346 /OCocg347 [81]
/OCocg348 /OCocg349 /OCocg350 /OCocg351 /OCocg352 [82] /OCocg353 /OCocg354
/OCocg355 /OCocg356 /OCocg357 [83] /OCocg358 /OCocg359 /OCocg360 [84]
(Algebra.aux)
 ***********
LaTeX2e <2023-06-01> patch level 1
L3 programming layer <2023-06-30>
 ***********
Package rerunfilecheck Info: File `Algebra.out' has not changed.
(rerunfilecheck)             Checksum: EDD0CE9CD712D383024BF84B146EE59A;4103.
 ) 
Here is how much of TeX's memory you used:
 30445 strings out of 475550
 607345 string characters out of 5763006
 1974238 words of memory out of 5000000
 50667 multiletter control sequences out of 15000+600000
 615319 words of font info for 94 fonts, out of 8000000 for 9000
 1141 hyphenation exceptions out of 8191
 83i,22n,89p,546b,1207s stack positions out of 10000i,1000n,20000p,200000b,200000s
<C:/Users/Adam/AppData/Local/Programs/MiKTeX/fonts/type1/public/amsfonts/cm/c
mex10.pfb><C:/Users/Adam/AppData/Local/Programs/MiKTeX/fonts/type1/public/lm/lm
bx10.pfb><C:/Users/Adam/AppData/Local/Programs/MiKTeX/fonts/type1/public/lm/lmb
x12.pfb><C:/Users/Adam/AppData/Local/Programs/MiKTeX/fonts/type1/public/lm/lmbx
5.pfb><C:/Users/Adam/AppData/Local/Programs/MiKTeX/fonts/type1/public/lm/lmr10.
pfb><C:/Users/Adam/AppData/Local/Programs/MiKTeX/fonts/type1/public/lm/lmr12.pf
b><C:/Users/Adam/AppData/Local/Programs/MiKTeX/fonts/type1/public/lm/lmr17.pfb>
<C:/Users/Adam/AppData/Local/Programs/MiKTeX/fonts/type1/public/lm/lmr6.pfb><C:
/Users/Adam/AppData/Local/Programs/MiKTeX/fonts/type1/public/lm/lmr8.pfb><C:/Us
ers/Adam/AppData/Local/Programs/MiKTeX/fonts/type1/public/lm/lmr9.pfb><C:/Users
/Adam/AppData/Local/Programs/MiKTeX/fonts/type1/public/lm/lmro10.pfb><C:/Users/
Adam/AppData/Local/Programs/MiKTeX/fonts/type1/public/amsfonts/symbols/msbm10.p
fb><C:/Users/Adam/AppData/Local/Programs/MiKTeX/fonts/type1/public/pl/plmi10.pf
b><C:/Users/Adam/AppData/Local/Programs/MiKTeX/fonts/type1/public/pl/plmi7.pfb>
<C:/Users/Adam/AppData/Local/Programs/MiKTeX/fonts/type1/public/pl/plr10.pfb><C
:/Users/Adam/AppData/Local/Programs/MiKTeX/fonts/type1/public/pl/plr7.pfb><C:/U
sers/Adam/AppData/Local/Programs/MiKTeX/fonts/type1/public/pl/plsy10.pfb><C:/Us
ers/Adam/AppData/Local/Programs/MiKTeX/fonts/type1/public/pl/plsy7.pfb>
Output written on Algebra.pdf (84 pages, 4461485 bytes).
PDF statistics:
 2127 PDF objects out of 2487 (max. 8388607)
 470 named destinations out of 1000 (max. 500000)
 1943 words of extra memory for PDF output out of 10000 (max. 10000000)

